<?xml version="1.0" encoding="UTF-8"?>
<!-- Generated by org.testng.reporters.JUnitReportReporter -->
<testsuite hostname="thinkpad" name="com.jikexueyuan.caiwen.dao.impl.UserDaoImplTest" tests="1" failures="0" timestamp="10 Jul 2016 09:35:23 GMT" time="0.977" errors="0">
  <testcase name="testAdd" time="0.977" classname="com.jikexueyuan.caiwen.dao.impl.UserDaoImplTest"/>
</testsuite> <!-- com.jikexueyuan.caiwen.dao.impl.UserDaoImplTest -->
