<?xml version="1.0" encoding="UTF-8"?>
<!-- Generated by org.testng.reporters.JUnitReportReporter -->
<testsuite hostname="thinkpad" name="com.jikexueyuan.caiwen.domain.UserTest" tests="1" failures="0" timestamp="10 Jul 2016 07:31:42 GMT" time="1.071" errors="0">
  <testcase name="test4" time="1.071" classname="com.jikexueyuan.caiwen.domain.UserTest"/>
</testsuite> <!-- com.jikexueyuan.caiwen.domain.UserTest -->
