<?xml version="1.0" encoding="UTF-8"?>
<!-- Generated by org.testng.reporters.JUnitReportReporter -->
<testsuite hostname="thinkpad" name="com.jikexueyuan.caiwen.dao.impl.BaseDaoImplTest" tests="1" failures="0" timestamp="10 Jul 2016 07:54:08 GMT" time="0.814" errors="0">
  <testcase name="test4" time="0.814" classname="com.jikexueyuan.caiwen.dao.impl.BaseDaoImplTest"/>
</testsuite> <!-- com.jikexueyuan.caiwen.dao.impl.BaseDaoImplTest -->
